00:22  Luka Dončić (77) score-2
00:30  Jrue Holiday (4) score-2
00:30  Derrick White (9) assist
00:49  Kyrie Irving (11) score-2
01:12  P.J. Washington (25) score-3
01:12  Kyrie Irving (11) assist
01:52  Jaylen Brown (7) rebound
01:55  Al Horford (42) score-2
01:55  Jaylen Brown (7) assist
02:10  Jrue Holiday (4) foul
02:20  Luka Dončić (77) score-2
02:40  Jrue Holiday (4) score-2
02:40  Jayson Tatum (0) assist
02:57  Al Horford (42) foul
03:09  Luka Dončić (77) score-2
03:28  Daniel Gafford (21) rebound
03:41  Kyrie Irving (11) score-2
03:41  Luka Dončić (77) assist
03:58  Jaylen Brown (7) rebound
04:06  Luka Dončić (77) rebound
04:17  Al Horford (42) rebound
04:34  P.J. Washington (25) rebound
04:49  P.J. Washington (25) foul
04:49  Derrick White (9) score-1
04:49  Derrick White (9) score-1
05:08  Dereck Lively II (2) rebound
05:14  Dereck Lively II (2) rebound
05:37  Kristaps Porziņģis (6) rebound
05:44  Maxi Kleber (42) foul
05:54  Kyrie Irving (11) foul
06:02  Derrick Jones Jr. (55) foul
06:02  Kristaps Porziņģis (6) score-1
06:02  Kristaps Porziņģis (6) score-1
06:11  Jayson Tatum (0) rebound
06:25  Dereck Lively II (2) rebound
06:38  Jayson Tatum (0) foul
06:40  Kristaps Porziņģis (6) rebound
06:57  Luka Dončić (77) rebound
07:23  Luka Dončić (77) score-2
07:42  Kristaps Porziņģis (6) score-2
08:12  Dereck Lively II (2) rebound
08:20  Luka Dončić (77) score-2
08:41  Jayson Tatum (0) rebound
08:43  Maxi Kleber (42) rebound
08:51  P.J. Washington (25) score-2
09:09  Josh Green (8) foul
09:09  Jrue Holiday (4) score-2
09:22  Jrue Holiday (4) foul
09:22  Luka Dončić (77) score-1
09:22  Luka Dončić (77) score-1
09:40  Kyrie Irving (11) foul
09:40  Sam Hauser (30) score-1
09:40  Sam Hauser (30) score-1
10:05  Maxi Kleber (42) foul
10:05  Kristaps Porziņģis (6) score-1
10:05  Kristaps Porziņģis (6) score-1
10:30  Jaylen Brown (7) foul
10:30  P.J. Washington (25) rebound
10:51  Kristaps Porziņģis (6) score-2
10:51  Jaylen Brown (7) assist
11:15  Kyrie Irving (11) score-2
11:31  Daniel Gafford (21) rebound
11:52  Kyrie Irving (11) score-2
11:55  Al Horford (42) score-3
11:55  Jaylen Brown (7) assist
12:00  Kristaps Porziņģis (6) foul
12:00  Josh Green (8) score-1
12:00  Josh Green (8) score-1
12:19  Derrick White (9) score-2
12:19  Jaylen Brown (7) assist
12:36  Luka Dončić (77) score-2
12:52  Jaylen Brown (7) score-2
12:52  Jayson Tatum (0) assist
13:05  Luka Dončić (77) score-3
13:05  Kyrie Irving (11) assist
13:24  Dante Exum (?) rebound
13:52  Luka Dončić (77) score-2
14:23  Jrue Holiday (4) rebound
14:31  Jayson Tatum (0) score-2
14:31  Jrue Holiday (4) assist
14:48  Jrue Holiday (4) rebound
15:01  Kristaps Porziņģis (6) score-2
15:01  Jayson Tatum (0) assist
15:15  Derrick White (9) rebound
15:24  Payton Pritchard (11) rebound
15:35  Luka Dončić (77) rebound
15:39  Dereck Lively II (2) foul
15:59  Derrick White (9) score-3
15:59  Jayson Tatum (0) assist
16:23  Al Horford (42) rebound
16:31  Derrick White (9) rebound
16:55  Al Horford (42) rebound
17:18  Maxi Kleber (42) rebound
17:47  Jayson Tatum (0) rebound
17:55  Jaylen Brown (7) score-2
18:20  Derrick Jones Jr. (55) rebound
18:23  Josh Green (8) score-2
18:23  Derrick Jones Jr. (55) assist
18:38  Jrue Holiday (4) score-2
18:38  Payton Pritchard (11) assist
18:51  Derrick Jones Jr. (55) score-2
18:51  Luka Dončić (77) assist
19:04  Derrick Jones Jr. (55) score-2
19:04  Jayson Tatum (0) foul
19:17  Jrue Holiday (4) score-2
19:17  Jayson Tatum (0) assist
19:34  Al Horford (42) rebound
19:44  Maxi Kleber (42) foul
19:56  Jrue Holiday (4) rebound
20:02  Josh Green (8) rebound
20:18  Jrue Holiday (4) rebound
20:30  Jrue Holiday (4) score-2
20:30  Jayson Tatum (0) assist
20:42  Kristaps Porziņģis (6) rebound
20:59  Dereck Lively II (2) rebound
21:09  Derrick Jones Jr. (55) score-2
21:09  Luka Dončić (77) assist
21:30  Jrue Holiday (4) score-2
21:44  Luka Dončić (77) score-3
22:01  Jayson Tatum (0) score-2
22:01  Derrick Jones Jr. (55) foul
22:01  Jayson Tatum (0) score-1
22:21  Dereck Lively II (2) rebound
22:26  Kyrie Irving (11) score-2
22:26  Derrick Jones Jr. (55) assist
22:45  Luka Dončić (77) foul
22:45  Jaylen Brown (7) score-2
23:04  Al Horford (42) rebound
23:23  Jrue Holiday (4) score-3
